
EndTime=Sun Jul 31 23:09:12 2016
StartTime=1470020952.03
Time=94 msecs
Hostname=NU.US.amazon.com
Timing=Authenticate:Latency:5/1,VerifyAccessToProduct:Latency:5/1,AuthClient:Authenticate:5/1,AuthClient:AuthenticateUser:5/1,AuthClient:ParsePolicies:0/4,AuthClient:SubscriptionCheck:4/1,Object.get:36/2,ObjectNodePicker.select:0/2
Counters=Authenticate:Availability=1,VerifyAccessToProduct:Availability=1,AuthClient:TotalPolicies=4,AuthClient:AuthenticateSuccess=1,AuthClient:SubscriptionCacheHit=0,AuthClient:SubscriptionValid=1,auth.v25=1,bandwithBatchClientRecordQueueSize=1,batchClientRecordQueueSize=1,batchMetered.count=1
Info=REST.PUT.OBJECT
REMOTE_ADDR=10.51.71.65
Program=NVWRLDCBNFR1
History=start:1387387980848,s-checkThrottling:0,e-checkThrottling:0,e-receive-performance-metrics:0,s-deserialize-performance-metrics:0,e-deserialize-performance-metrics:0,e-get.data:0,s-batchReportBytesTransferred:2,e-batchReportBytesTransferred:0,s-dataTransferReportBytesTransferred:0,TRUNCATED
HostGroup=US
Marketplace=NMRN
Merchant=external
Operation=REST.PUT.OBJECT
Status=200
actor=XYZAIC5JEGYM3UDNX7SQ/XYZAIWZT7XKU2VJCA2K4Y
next-server-endpoint=10.93.93.180:4545
index=f3a430000000000333b52000f084
objectOwner=943fe22315790b2fc01e730a95de6a6d94972c06441f57ad0980032ea0da99c1
host=fubar.comcast.com
cache-endpoints=10.34.81.31-5397-tcp-dub3,10.165.33.45-5397-tcp-dub8
requestId=F08C5EE16DF7DBD3'
requesterID=AWS:Q5JCJLQJT2EF05UO6VP14
objectkey=fubar
userAgent=NoAgentHere

EndTime=Sun Jul 31 23:09:12 2016
StartTime=1470020952.03
Time=54 msecs
Hostname=ALPHA.US.amazon.com
Timing=Authenticate:Latency:5/1,VerifyAccessToProduct:Latency:5/1,AuthClient:Authenticate:5/1,AuthClient:AuthenticateUser:5/1,AuthClient:ParsePolicies:0/4,AuthClient:SubscriptionCheck:4/1,Object.get:36/2,ObjectNodePicker.select:0/2
Counters=Authenticate:Availability=1,VerifyAccessToProduct:Availability=1,AuthClient:TotalPolicies=4,AuthClient:AuthenticateSuccess=1,AuthClient:SubscriptionCacheHit=0,AuthClient:SubscriptionValid=1,auth.v25=1,bandwithBatchClientRecordQueueSize=1,batchClientRecordQueueSize=1,batchMetered.count=1
Info=REST.PUT.OBJECT
REMOTE_ADDR=10.83.12.26
Program=IR9KDHQO7CQE
History=start:1387387980848,s-checkThrottling:0,e-checkThrottling:0,e-receive-performance-metrics:0,s-deserialize-performance-metrics:0,e-deserialize-performance-metrics:0,e-get.data:0,s-batchReportBytesTransferred:2,e-batchReportBytesTransferred:0,s-dataTransferReportBytesTransferred:0,TRUNCATED
HostGroup=US
Marketplace=8C43
Merchant=external
Operation=REST.PUT.OBJECT
Status=200
actor=XYZAIC5JEGYM3UDNX7SQ/XYZAIWZT7XKU2VJCA2K4Y
next-server-endpoint=10.93.93.180:4545
index=f3a430000000000333b52000f084
objectOwner=943fe22315790b2fc01e730a95de6a6d94972c06441f57ad0980032ea0da99c1
host=fubar.comcast.com
cache-endpoints=10.34.81.31-5397-tcp-dub3,10.165.33.45-5397-tcp-dub8
requestId=F08C5EE16DF7DBD3'
requesterID=AWS:M4QWXUQMTRB59SPH5LMLP
objectkey=fubar
userAgent=NoAgentHere

EndTime=Sun Jul 31 23:09:12 2016
StartTime=1470020952.03
Time=93 msecs
Hostname=PHI.IE.amazon.com
Timing=Authenticate:Latency:5/1,VerifyAccessToProduct:Latency:5/1,AuthClient:Authenticate:5/1,AuthClient:AuthenticateUser:5/1,AuthClient:ParsePolicies:0/4,AuthClient:SubscriptionCheck:4/1,Object.get:36/2,ObjectNodePicker.select:0/2
Counters=Authenticate:Availability=1,VerifyAccessToProduct:Availability=1,AuthClient:TotalPolicies=4,AuthClient:AuthenticateSuccess=1,AuthClient:SubscriptionCacheHit=0,AuthClient:SubscriptionValid=1,auth.v25=1,bandwithBatchClientRecordQueueSize=1,batchClientRecordQueueSize=1,batchMetered.count=1
Info=REST.PUT.OBJECT
REMOTE_ADDR=10.99.74.85
Program=PNLPI0B933EF
History=start:1387387980848,s-checkThrottling:0,e-checkThrottling:0,e-receive-performance-metrics:0,s-deserialize-performance-metrics:0,e-deserialize-performance-metrics:0,e-get.data:0,s-batchReportBytesTransferred:2,e-batchReportBytesTransferred:0,s-dataTransferReportBytesTransferred:0,TRUNCATED
HostGroup=IE
Marketplace=2OGL
Merchant=external
Operation=REST.PUT.OBJECT
Status=200
actor=XYZAIC5JEGYM3UDNX7SQ/XYZAIWZT7XKU2VJCA2K4Y
next-server-endpoint=10.93.93.180:4545
index=f3a430000000000333b52000f084
objectOwner=943fe22315790b2fc01e730a95de6a6d94972c06441f57ad0980032ea0da99c1
host=fubar.comcast.com
cache-endpoints=10.34.81.31-5397-tcp-dub3,10.165.33.45-5397-tcp-dub8
requestId=F08C5EE16DF7DBD3'
requesterID=AWS:HNPD8TNTPZM0NOCCCWG0T
objectkey=fubar
userAgent=NoAgentHere



EndTime=Sun Jul 31 23:09:12 2016
StartTime=1470020952.03
Time=30 msecs
Hostname=OMICRON.US.amazon.com
Timing=Authenticate:Latency:5/1,VerifyAccessToProduct:Latency:5/1,AuthClient:Authenticate:5/1,AuthClient:AuthenticateUser:5/1,AuthClient:ParsePolicies:0/4,AuthClient:SubscriptionCheck:4/1,Object.get:36/2,ObjectNodePicker.select:0/2
Counters=Authenticate:Availability=1,VerifyAccessToProduct:Availability=1,AuthClient:TotalPolicies=4,AuthClient:AuthenticateSuccess=1,AuthClient:SubscriptionCacheHit=0,AuthClient:SubscriptionValid=1,auth.v25=1,bandwithBatchClientRecordQueueSize=1,batchClientRecordQueueSize=1,batchMetered.count=1
Info=REST.PUT.OBJECT
REMOTE_ADDR=10.18.75.53
Program=7BQTU0LIPZ61
History=start:1387387980848,s-checkThrottling:0,e-checkThrottling:0,e-receive-performance-metrics:0,s-deserialize-performance-metrics:0,e-deserialize-performance-metrics:0,e-get.data:0,s-batchReportBytesTransferred:2,e-batchReportBytesTransferred:0,s-dataTransferReportBytesTransferred:0,TRUNCATED
HostGroup=US
Marketplace=7070
Merchant=external
Operation=REST.PUT.OBJECT
Status=200
actor=XYZAIC5JEGYM3UDNX7SQ/XYZAIWZT7XKU2VJCA2K4Y
next-server-endpoint=10.93.93.180:4545
index=f3a430000000000333b52000f084
objectOwner=943fe22315790b2fc01e730a95de6a6d94972c06441f57ad0980032ea0da99c1
host=fubar.comcast.com
cache-endpoints=10.34.81.31-5397-tcp-dub3,10.165.33.45-5397-tcp-dub8
requestId=F08C5EE16DF7DBD3'
requesterID=AWS:84AFKQV0WN7ASW2UEU90I
objectkey=fubar
userAgent=NoAgentHere



EndTime=Sun Jul 31 23:09:12 2016
StartTime=1470020952.03
Time=69 msecs
Hostname=BETA.IE.amazon.com
Timing=Authenticate:Latency:5/1,VerifyAccessToProduct:Latency:5/1,AuthClient:Authenticate:5/1,AuthClient:AuthenticateUser:5/1,AuthClient:ParsePolicies:0/4,AuthClient:SubscriptionCheck:4/1,Object.get:36/2,ObjectNodePicker.select:0/2
Counters=Authenticate:Availability=1,VerifyAccessToProduct:Availability=1,AuthClient:TotalPolicies=4,AuthClient:AuthenticateSuccess=1,AuthClient:SubscriptionCacheHit=0,AuthClient:SubscriptionValid=1,auth.v25=1,bandwithBatchClientRecordQueueSize=1,batchClientRecordQueueSize=1,batchMetered.count=1
Info=REST.GET.OBJECT
REMOTE_ADDR=10.61.16.83
Program=IIXT07ATWR0C
History=start:1387387980848,s-checkThrottling:0,e-checkThrottling:0,e-receive-performance-metrics:0,s-deserialize-performance-metrics:0,e-deserialize-performance-metrics:0,e-get.data:0,s-batchReportBytesTransferred:2,e-batchReportBytesTransferred:0,s-dataTransferReportBytesTransferred:0,TRUNCATED
HostGroup=IE
Marketplace=7BXC
Merchant=external
Operation=REST.GET.OBJECT
Status=200
actor=XYZAIC5JEGYM3UDNX7SQ/XYZAIWZT7XKU2VJCA2K4Y
next-server-endpoint=10.93.93.180:4545
index=f3a430000000000333b52000f084
objectOwner=943fe22315790b2fc01e730a95de6a6d94972c06441f57ad0980032ea0da99c1
host=fubar.comcast.com
cache-endpoints=10.34.81.31-5397-tcp-dub3,10.165.33.45-5397-tcp-dub8
requestId=F08C5EE16DF7DBD3'
requesterID=AWS:GY8DM0JPIR5N65WN3C6B3
objectkey=fubar
userAgent=NoAgentHere


EndTime=Sun Jul 31 23:09:12 2016
StartTime=1470020952.03
Time=17 msecs
Hostname=ZETA.IE.amazon.com
index=f3a430000000000333b52000f084
objectOwner=943fe22315790b2fc01e730a95de6a6d94972c06441f57ad0980032ea0da99c1
host=fubar.comcast.com
cache-endpoints=10.34.81.31-5397-tcp-dub3,10.165.33.45-5397-tcp-dub8
requestId=F08C5EE16DF7DBD3'
requesterID=AWS:I16UVHQTF365AW8VRXJP9
objectkey=fubar
userAgent=NoAgentHere



EndTime=Sun Jul 31 23:09:12 2016
StartTime=1470020952.04
Time=14 msecs
Hostname=ETA.SG.amazon.com
Timing=Authenticate:Latency:5/1,VerifyAccessToProduct:Latency:5/1,AuthClient:Authenticate:5/1,AuthClient:AuthenticateUser:5/1,AuthClient:ParsePolicies:0/4,AuthClient:SubscriptionCheck:4/1,Object.get:36/2,ObjectNodePicker.select:0/2
Counters=Authenticate:Availability=1,VerifyAccessToProduct:Availability=1,AuthClient:TotalPolicies=4,AuthClient:AuthenticateSuccess=1,AuthClient:SubscriptionCacheHit=0,AuthClient:SubscriptionValid=1,auth.v25=1,bandwithBatchClientRecordQueueSize=1,batchClientRecordQueueSize=1,batchMetered.count=1
Info=REST.DEL.OBJECT
REMOTE_ADDR=10.20.60.93
Program=BPQ10L1HQ73K
History=start:1387387980848,s-checkThrottling:0,e-checkThrottling:0,e-receive-performance-metrics:0,s-deserialize-performance-metrics:0,e-deserialize-performance-metrics:0,e-get.data:0,s-batchReportBytesTransferred:2,e-batchReportBytesTransferred:0,s-dataTransferReportBytesTransferred:0,TRUNCATED
HostGroup=SG
Marketplace=KES5
Merchant=external
Operation=REST.DEL.OBJECT
Status=200
actor=XYZAIC5JEGYM3UDNX7SQ/XYZAIWZT7XKU2VJCA2K4Y
next-server-endpoint=10.93.93.180:4545
index=f3a430000000000333b52000f084
objectOwner=943fe22315790b2fc01e730a95de6a6d94972c06441f57ad0980032ea0da99c1
host=fubar.comcast.com
cache-endpoints=10.34.81.31-5397-tcp-dub3,10.165.33.45-5397-tcp-dub8
requestId=F08C5EE16DF7DBD3'
requesterID=AWS:KGWCGHGZMQUJGM6J48U0N
objectkey=fubar
userAgent=NoAgentHere

EndTime=Sun Jul 31 23:09:12 2016
StartTime=1470020952.04
Time=96 msecs
Hostname=RHO.CA.amazon.com
Timing=Authenticate:Latency:5/1,VerifyAccessToProduct:Latency:5/1,AuthClient:Authenticate:5/1,AuthClient:AuthenticateUser:5/1,AuthClient:ParsePolicies:0/4,AuthClient:SubscriptionCheck:4/1,Object.get:36/2,ObjectNodePicker.select:0/2
Counters=Authenticate:Availability=1,VerifyAccessToProduct:Availability=1,AuthClient:TotalPolicies=4,AuthClient:AuthenticateSuccess=1,AuthClient:SubscriptionCacheHit=0,AuthClient:SubscriptionValid=1,auth.v25=1,bandwithBatchClientRecordQueueSize=1,batchClientRecordQueueSize=1,batchMetered.count=1
Info=REST.DEL.OBJECT
REMOTE_ADDR=10.81.50.74
Program=XK30MV0WGS6P
History=start:1387387980848,s-checkThrottling:0,e-checkThrottling:0,e-receive-performance-metrics:0,s-deserialize-performance-metrics:0,e-deserialize-performance-metrics:0,e-get.data:0,s-batchReportBytesTransferred:2,e-batchReportBytesTransferred:0,s-dataTransferReportBytesTransferred:0,TRUNCATED
HostGroup=CA
Marketplace=YEM2
Merchant=external
Operation=REST.DEL.OBJECT
Status=200
actor=XYZAIC5JEGYM3UDNX7SQ/XYZAIWZT7XKU2VJCA2K4Y
next-server-endpoint=10.93.93.180:4545
index=f3a430000000000333b52000f084
objectOwner=943fe22315790b2fc01e730a95de6a6d94972c06441f57ad0980032ea0da99c1
host=fubar.comcast.com
cache-endpoints=10.34.81.31-5397-tcp-dub3,10.165.33.45-5397-tcp-dub8
requestId=F08C5EE16DF7DBD3'
requesterID=AWS:8CG49ZPLAK1CAKZ05D1GZ
objectkey=fubar
userAgent=NoAgentHere



EndTime=Sun Jul 31 23:09:12 2016
StartTime=1470020952.04
Time=51 msecs
Hostname=BETA.CA.amazon.com
Timing=Authenticate:Latency:5/1,VerifyAccessToProduct:Latency:5/1,AuthClient:Authenticate:5/1,AuthClient:AuthenticateUser:5/1,AuthClient:ParsePolicies:0/4,AuthClient:SubscriptionCheck:4/1,Object.get:36/2,ObjectNodePicker.select:0/2
Counters=Authenticate:Availability=1,VerifyAccessToProduct:Availability=1,AuthClient:TotalPolicies=4,AuthClient:AuthenticateSuccess=1,AuthClient:SubscriptionCacheHit=0,AuthClient:SubscriptionValid=1,auth.v25=1,bandwithBatchClientRecordQueueSize=1,batchClientRecordQueueSize=1,batchMetered.count=1
Info=REST.PUT.OBJECT
REMOTE_ADDR=10.25.74.93
Program=5GVTU4LP74GP
History=start:1387387980848,s-checkThrottling:0,e-checkThrottling:0,e-receive-performance-metrics:0,s-deserialize-performance-metrics:0,e-deserialize-performance-metrics:0,e-get.data:0,s-batchReportBytesTransferred:2,e-batchReportBytesTransferred:0,s-dataTransferReportBytesTransferred:0,TRUNCATED
HostGroup=CA
Marketplace=KBLC
Merchant=external
Operation=REST.PUT.OBJECT
Status=200
actor=XYZAIC5JEGYM3UDNX7SQ/XYZAIWZT7XKU2VJCA2K4Y
next-server-endpoint=10.93.93.180:4545
index=f3a430000000000333b52000f084
objectOwner=943fe22315790b2fc01e730a95de6a6d94972c06441f57ad0980032ea0da99c1
host=fubar.comcast.com
cache-endpoints=10.34.81.31-5397-tcp-dub3,10.165.33.45-5397-tcp-dub8
requestId=F08C5EE16DF7DBD3'
requesterID=AWS:BEUB332P7QMQVV4MCF066
objectkey=fubar
userAgent=NoAgentHere


EndTime=Sun Jul 31 23:09:12 2016
StartTime=1470020952.04
Time=70 msecs
Hostname=ZETA.CA.amazon.com
Timing=Authenticate:Latency:5/1,VerifyAccessToProduct:Latency:5/1,AuthClient:Authenticate:5/1,AuthClient:AuthenticateUser:5/1,AuthClient:ParsePolicies:0/4,AuthClient:SubscriptionCheck:4/1,Object.get:36/2,ObjectNodePicker.select:0/2
Counters=Authenticate:Availability=1,VerifyAccessToProduct:Availability=1,AuthClient:TotalPolicies=4,AuthClient:AuthenticateSuccess=1,AuthClient:SubscriptionCacheHit=0,AuthClient:SubscriptionValid=1,auth.v25=1,bandwithBatchClientRecordQueueSize=1,batchClientRecordQueueSize=1,batchMetered.count=1
Info=REST.DEL.OBJECT
REMOTE_ADDR=10.58.6.97
Program=00LHIMMIKM9Q
History=start:1387387980848,s-checkThrottling:0,e-checkThrottling:0,e-receive-performance-metrics:0,s-deserialize-performance-metrics:0,e-deserialize-performance-metrics:0,e-get.data:0,s-batchReportBytesTransferred:2,e-batchReportBytesTransferred:0,s-dataTransferReportBytesTransferred:0,TRUNCATED
HostGroup=CA
Marketplace=RHW2
Merchant=external
Operation=REST.DEL.OBJECT
Status=200
actor=XYZAIC5JEGYM3UDNX7SQ/XYZAIWZT7XKU2VJCA2K4Y
next-server-endpoint=10.93.93.180:4545
index=f3a430000000000333b52000f084
objectOwner=943fe22315790b2fc01e730a95de6a6d94972c06441f57ad0980032ea0da99c1
host=fubar.comcast.com
cache-endpoints=10.34.81.31-5397-tcp-dub3,10.165.33.45-5397-tcp-dub8
requestId=F08C5EE16DF7DBD3'
requesterID=AWS:CK1OZ5BCM0PRN2MZ8TR7Y
objectkey=fubar
userAgent=NoAgentHere


